<?xml version="1.0" encoding="UTF-8" ?>
<testsuite tests="12" failures="0" name="TestSuite" time="0.19" errors="0" skipped="0">
  <properties>
[...]
</properties>
  <testcase classname="cucumberOptions.TestNGRunner" name="runScenario" time="0.077"/>
  <testcase classname="cucumberOptions.TestNGRunner" name="runScenario" time="0.01"/>
  <testcase classname="cucumberOptions.TestNGRunner" name="runScenario" time="0.018"/>
  <testcase classname="cucumberOptions.TestNGRunner" name="runScenario" time="0.017"/>
  <testcase classname="cucumberOptions.TestNGRunner" name="runScenario" time="0.01"/>
  <testcase classname="cucumberOptions.TestNGRunner" name="runScenario" time="0.016"/>
  <testcase classname="cucumberOptions.TestNGRunner" name="runScenario" time="0.011"/>
  <testcase classname="Demo.runner.TestRunner" name="runScenario" time="0.01"/>
  <testcase classname="Demo.runner.TestRunner" name="runScenario" time="0.005"/>
  <testcase classname="Demo.runner.TestRunner" name="runScenario" time="0.004"/>
  <testcase classname="Demo.runner.TestRunner" name="runScenario" time="0.008"/>
  <testcase classname="Demo.runner.TestRunner" name="runScenario" time="0.004"/>
</testsuite>